
4월 28, 2022 02:12:42.646 NEW SESSION
4월 28, 2022 02:12:42.646 [11868:16508:0428/021242.644:ERROR:device_event_log_impl.cc(214)] [02:12:42.644] USB: usb_device_handle_win.cc:1049 Failed to read descriptor from node connection: 시스템에 부착된 장치가 작동하지 않습니다. (0x1F)
4월 28, 2022 02:12:42.646 [11868:16508:0428/021242.645:ERROR:device_event_log_impl.cc(214)] [02:12:42.644] USB: usb_device_handle_win.cc:1049 Failed to read descriptor from node connection: 시스템에 부착된 장치가 작동하지 않습니다. (0x1F)

4월 28, 2022 14:01:47.728 NEW SESSION
4월 28, 2022 14:01:47.728 [18080:14060:0428/140147.727:ERROR:device_event_log_impl.cc(214)] [14:01:47.727] USB: usb_device_handle_win.cc:1049 Failed to read descriptor from node connection: 시스템에 부착된 장치가 작동하지 않습니다. (0x1F)
4월 28, 2022 14:01:47.739 [18080:14060:0428/140147.728:ERROR:device_event_log_impl.cc(214)] [14:01:47.728] USB: usb_device_handle_win.cc:1049 Failed to read descriptor from node connection: 시스템에 부착된 장치가 작동하지 않습니다. (0x1F)
4월 28, 2022 14:01:47.739 [18080:14060:0428/140147.730:ERROR:device_event_log_impl.cc(214)] [14:01:47.730] USB: usb_device_handle_win.cc:1049 Failed to read descriptor from node connection: 시스템에 부착된 장치가 작동하지 않습니다. (0x1F)
4월 28, 2022 14:02:45.397 [18080:16472:0428/140245.397:ERROR:util.cc(126)] Can't create base directory: C:\Program Files\Google\GoogleUpdater
4월 28, 2022 14:54:39.567 [18080:1820:0428/145439.566:ERROR:mcs_client.cc(755)] Received close command, resetting connection.
4월 28, 2022 15:07:45.144 [18080:14120:0428/150745.144:ERROR:database.cc(1782)] Passwords SQLite error: code 2067 errno 0: UNIQUE constraint failed: logins.origin_url, logins.username_element, logins.username_value, logins.password_element, logins.signon_realm sql: INSERT INTO logins (origin_url, action_url, username_element, username_value, password_element, password_value, submit_element, signon_realm, date_created, blacklisted_by_user, scheme, password_type, times_used, form_data, display_name, icon_url, federation_url, skip_zero_click, generation_upload_status, possible_username_pairs, id, date_last_used, moving_blocked_for, date_password_modified) VALUES (?,?,?,?,?,?,?,?,?,?,?,?,?,?,?,?,?,?,?,?,?,?,?,?)
4월 28, 2022 15:13:40.704 [18080:1820:0428/151340.703:ERROR:mcs_client.cc(755)] Received close command, resetting connection.
4월 28, 2022 15:43:57.493 [9864:15144:0428/154357.493:ERROR:device_event_log_impl.cc(214)] [15:43:57.493] USB: usb_device_handle_win.cc:1049 Failed to read descriptor from node connection: 시스템에 부착된 장치가 작동하지 않습니다. (0x1F)
4월 28, 2022 15:43:57.494 [9864:15144:0428/154357.494:ERROR:device_event_log_impl.cc(214)] [15:43:57.494] USB: usb_device_handle_win.cc:1049 Failed to read descriptor from node connection: 시스템에 부착된 장치가 작동하지 않습니다. (0x1F)
4월 28, 2022 15:43:57.495 [9864:15144:0428/154357.495:ERROR:device_event_log_impl.cc(214)] [15:43:57.495] USB: usb_device_handle_win.cc:1049 Failed to read descriptor from node connection: 시스템에 부착된 장치가 작동하지 않습니다. (0x1F)
4월 28, 2022 16:08:19.38 [5416:15056:0428/160819.038:ERROR:device_event_log_impl.cc(214)] [16:08:19.038] USB: usb_device_handle_win.cc:1049 Failed to read descriptor from node connection: 시스템에 부착된 장치가 작동하지 않습니다. (0x1F)
4월 28, 2022 16:08:19.39 [5416:15056:0428/160819.038:ERROR:device_event_log_impl.cc(214)] [16:08:19.039] USB: usb_device_handle_win.cc:1049 Failed to read descriptor from node connection: 시스템에 부착된 장치가 작동하지 않습니다. (0x1F)
4월 28, 2022 16:08:19.40 [5416:15056:0428/160819.040:ERROR:device_event_log_impl.cc(214)] [16:08:19.040] USB: usb_device_handle_win.cc:1049 Failed to read descriptor from node connection: 시스템에 부착된 장치가 작동하지 않습니다. (0x1F)

4월 29, 2022 10:10:54.244 NEW SESSION
4월 29, 2022 10:10:54.244 [4992:14968:0429/101054.242:ERROR:device_event_log_impl.cc(214)] [10:10:54.243] USB: usb_device_handle_win.cc:1049 Failed to read descriptor from node connection: 시스템에 부착된 장치가 작동하지 않습니다. (0x1F)
4월 29, 2022 10:10:54.252 [4992:14968:0429/101054.243:ERROR:device_event_log_impl.cc(214)] [10:10:54.243] USB: usb_device_handle_win.cc:1049 Failed to read descriptor from node connection: 시스템에 부착된 장치가 작동하지 않습니다. (0x1F)
4월 29, 2022 10:10:54.252 [4992:14968:0429/101054.245:ERROR:device_event_log_impl.cc(214)] [10:10:54.245] USB: usb_device_handle_win.cc:1049 Failed to read descriptor from node connection: 시스템에 부착된 장치가 작동하지 않습니다. (0x1F)
4월 29, 2022 10:58:14.443 [5584:5304:0429/105814.443:ERROR:device_event_log_impl.cc(214)] [10:58:14.443] USB: usb_device_handle_win.cc:1049 Failed to read descriptor from node connection: 시스템에 부착된 장치가 작동하지 않습니다. (0x1F)
4월 29, 2022 10:58:14.443 [5584:5304:0429/105814.443:ERROR:device_event_log_impl.cc(214)] [10:58:14.443] USB: usb_device_handle_win.cc:1049 Failed to read descriptor from node connection: 시스템에 부착된 장치가 작동하지 않습니다. (0x1F)
4월 29, 2022 10:58:14.445 [5584:5304:0429/105814.444:ERROR:device_event_log_impl.cc(214)] [10:58:14.444] USB: usb_device_handle_win.cc:1049 Failed to read descriptor from node connection: 시스템에 부착된 장치가 작동하지 않습니다. (0x1F)
4월 29, 2022 10:59:12.373 [5584:6400:0429/105912.373:ERROR:util.cc(126)] Can't create base directory: C:\Program Files\Google\GoogleUpdater
4월 29, 2022 11:06:21.284 [5584:5304:0429/110621.283:ERROR:interface_endpoint_client.cc(659)] Message 5 rejected by interface blink.mojom.WidgetHost
4월 29, 2022 11:15:10.365 [11552:13932:0429/111510.364:ERROR:device_event_log_impl.cc(214)] [11:15:10.364] USB: usb_device_handle_win.cc:1049 Failed to read descriptor from node connection: 시스템에 부착된 장치가 작동하지 않습니다. (0x1F)
4월 29, 2022 11:15:10.366 [11552:13932:0429/111510.365:ERROR:device_event_log_impl.cc(214)] [11:15:10.365] USB: usb_device_handle_win.cc:1049 Failed to read descriptor from node connection: 시스템에 부착된 장치가 작동하지 않습니다. (0x1F)
4월 29, 2022 11:15:10.367 [11552:13932:0429/111510.366:ERROR:device_event_log_impl.cc(214)] [11:15:10.367] USB: usb_device_handle_win.cc:1049 Failed to read descriptor from node connection: 시스템에 부착된 장치가 작동하지 않습니다. (0x1F)
4월 29, 2022 11:19:49.473 [6960:6740:0429/111949.473:ERROR:device_event_log_impl.cc(214)] [11:19:49.473] USB: usb_device_handle_win.cc:1049 Failed to read descriptor from node connection: 시스템에 부착된 장치가 작동하지 않습니다. (0x1F)
4월 29, 2022 11:19:49.474 [6960:6740:0429/111949.474:ERROR:device_event_log_impl.cc(214)] [11:19:49.474] USB: usb_device_handle_win.cc:1049 Failed to read descriptor from node connection: 시스템에 부착된 장치가 작동하지 않습니다. (0x1F)
4월 29, 2022 11:19:49.476 [6960:6740:0429/111949.475:ERROR:device_event_log_impl.cc(214)] [11:19:49.475] USB: usb_device_handle_win.cc:1049 Failed to read descriptor from node connection: 시스템에 부착된 장치가 작동하지 않습니다. (0x1F)
4월 29, 2022 11:20:47.383 [6960:2000:0429/112047.383:ERROR:util.cc(126)] Can't create base directory: C:\Program Files\Google\GoogleUpdater
4월 29, 2022 11:25:58.239 [6960:9240:0429/112558.239:ERROR:database.cc(1782)] Passwords SQLite error: code 2067 errno 0: UNIQUE constraint failed: logins.origin_url, logins.username_element, logins.username_value, logins.password_element, logins.signon_realm sql: INSERT INTO logins (origin_url, action_url, username_element, username_value, password_element, password_value, submit_element, signon_realm, date_created, blacklisted_by_user, scheme, password_type, times_used, form_data, display_name, icon_url, federation_url, skip_zero_click, generation_upload_status, possible_username_pairs, id, date_last_used, moving_blocked_for, date_password_modified) VALUES (?,?,?,?,?,?,?,?,?,?,?,?,?,?,?,?,?,?,?,?,?,?,?,?)
4월 29, 2022 11:36:23.208 [6960:12656:0429/113623.208:ERROR:database.cc(1782)] Passwords SQLite error: code 2067 errno 0: UNIQUE constraint failed: logins.origin_url, logins.username_element, logins.username_value, logins.password_element, logins.signon_realm sql: INSERT INTO logins (origin_url, action_url, username_element, username_value, password_element, password_value, submit_element, signon_realm, date_created, blacklisted_by_user, scheme, password_type, times_used, form_data, display_name, icon_url, federation_url, skip_zero_click, generation_upload_status, possible_username_pairs, id, date_last_used, moving_blocked_for, date_password_modified) VALUES (?,?,?,?,?,?,?,?,?,?,?,?,?,?,?,?,?,?,?,?,?,?,?,?)
4월 29, 2022 12:27:14.409 [17136:18504:0429/122714.409:ERROR:device_event_log_impl.cc(214)] [12:27:14.409] USB: usb_device_handle_win.cc:1049 Failed to read descriptor from node connection: 시스템에 부착된 장치가 작동하지 않습니다. (0x1F)
4월 29, 2022 12:27:14.410 [17136:18504:0429/122714.410:ERROR:device_event_log_impl.cc(214)] [12:27:14.410] USB: usb_device_handle_win.cc:1049 Failed to read descriptor from node connection: 시스템에 부착된 장치가 작동하지 않습니다. (0x1F)
4월 29, 2022 12:27:14.412 [17136:18504:0429/122714.412:ERROR:device_event_log_impl.cc(214)] [12:27:14.412] USB: usb_device_handle_win.cc:1049 Failed to read descriptor from node connection: 시스템에 부착된 장치가 작동하지 않습니다. (0x1F)
4월 29, 2022 12:27:35.968 [17136:4196:0429/122735.968:ERROR:database.cc(1782)] Passwords SQLite error: code 2067 errno 0: UNIQUE constraint failed: logins.origin_url, logins.username_element, logins.username_value, logins.password_element, logins.signon_realm sql: INSERT INTO logins (origin_url, action_url, username_element, username_value, password_element, password_value, submit_element, signon_realm, date_created, blacklisted_by_user, scheme, password_type, times_used, form_data, display_name, icon_url, federation_url, skip_zero_click, generation_upload_status, possible_username_pairs, id, date_last_used, moving_blocked_for, date_password_modified) VALUES (?,?,?,?,?,?,?,?,?,?,?,?,?,?,?,?,?,?,?,?,?,?,?,?)
4월 29, 2022 12:28:12.394 [17136:15524:0429/122812.394:ERROR:util.cc(126)] Can't create base directory: C:\Program Files\Google\GoogleUpdater
4월 29, 2022 13:42:33.609 [1012:12764:0429/134233.609:ERROR:device_event_log_impl.cc(214)] [13:42:33.610] USB: usb_device_handle_win.cc:1049 Failed to read descriptor from node connection: 시스템에 부착된 장치가 작동하지 않습니다. (0x1F)
4월 29, 2022 13:42:33.610 [1012:12764:0429/134233.610:ERROR:device_event_log_impl.cc(214)] [13:42:33.611] USB: usb_device_handle_win.cc:1049 Failed to read descriptor from node connection: 시스템에 부착된 장치가 작동하지 않습니다. (0x1F)
4월 29, 2022 13:42:33.612 [1012:12764:0429/134233.612:ERROR:device_event_log_impl.cc(214)] [13:42:33.612] USB: usb_device_handle_win.cc:1049 Failed to read descriptor from node connection: 시스템에 부착된 장치가 작동하지 않습니다. (0x1F)
4월 29, 2022 13:43:31.542 [1012:14728:0429/134331.542:ERROR:util.cc(126)] Can't create base directory: C:\Program Files\Google\GoogleUpdater
4월 29, 2022 14:05:51.706 [1012:6228:0429/140551.706:ERROR:connection_factory_impl.cc(425)] Failed to connect to MCS endpoint with error -106
4월 29, 2022 15:05:23.522 [1012:9976:0429/150523.522:ERROR:database.cc(1782)] Passwords SQLite error: code 2067 errno 0: UNIQUE constraint failed: logins.origin_url, logins.username_element, logins.username_value, logins.password_element, logins.signon_realm sql: INSERT INTO logins (origin_url, action_url, username_element, username_value, password_element, password_value, submit_element, signon_realm, date_created, blacklisted_by_user, scheme, password_type, times_used, form_data, display_name, icon_url, federation_url, skip_zero_click, generation_upload_status, possible_username_pairs, id, date_last_used, moving_blocked_for, date_password_modified) VALUES (?,?,?,?,?,?,?,?,?,?,?,?,?,?,?,?,?,?,?,?,?,?,?,?)
4월 29, 2022 15:11:00.620 [13636:17284:0429/151100.619:ERROR:device_event_log_impl.cc(214)] [15:11:00.620] USB: usb_device_handle_win.cc:1049 Failed to read descriptor from node connection: 시스템에 부착된 장치가 작동하지 않습니다. (0x1F)
4월 29, 2022 15:11:00.620 [13636:17284:0429/151100.620:ERROR:device_event_log_impl.cc(214)] [15:11:00.620] USB: usb_device_handle_win.cc:1049 Failed to read descriptor from node connection: 시스템에 부착된 장치가 작동하지 않습니다. (0x1F)
4월 29, 2022 15:11:00.622 [13636:17284:0429/151100.622:ERROR:device_event_log_impl.cc(214)] [15:11:00.622] USB: usb_device_handle_win.cc:1049 Failed to read descriptor from node connection: 시스템에 부착된 장치가 작동하지 않습니다. (0x1F)
4월 29, 2022 15:11:58.589 [13636:7316:0429/151158.589:ERROR:util.cc(126)] Can't create base directory: C:\Program Files\Google\GoogleUpdater
4월 29, 2022 15:16:16.948 [12680:15736:0429/151616.948:ERROR:device_event_log_impl.cc(214)] [15:16:16.948] USB: usb_device_handle_win.cc:1049 Failed to read descriptor from node connection: 시스템에 부착된 장치가 작동하지 않습니다. (0x1F)
4월 29, 2022 15:16:16.948 [12680:15736:0429/151616.948:ERROR:device_event_log_impl.cc(214)] [15:16:16.948] USB: usb_device_handle_win.cc:1049 Failed to read descriptor from node connection: 시스템에 부착된 장치가 작동하지 않습니다. (0x1F)
4월 29, 2022 15:16:16.950 [12680:15736:0429/151616.950:ERROR:device_event_log_impl.cc(214)] [15:16:16.950] USB: usb_device_handle_win.cc:1049 Failed to read descriptor from node connection: 시스템에 부착된 장치가 작동하지 않습니다. (0x1F)
4월 29, 2022 15:17:14.897 [12680:7584:0429/151714.896:ERROR:util.cc(126)] Can't create base directory: C:\Program Files\Google\GoogleUpdater
4월 29, 2022 15:30:11.884 [15592:14512:0429/153011.884:ERROR:device_event_log_impl.cc(214)] [15:30:11.884] USB: usb_device_handle_win.cc:1049 Failed to read descriptor from node connection: 시스템에 부착된 장치가 작동하지 않습니다. (0x1F)
4월 29, 2022 15:30:11.886 [15592:14512:0429/153011.886:ERROR:device_event_log_impl.cc(214)] [15:30:11.886] USB: usb_device_handle_win.cc:1049 Failed to read descriptor from node connection: 시스템에 부착된 장치가 작동하지 않습니다. (0x1F)
4월 29, 2022 15:30:11.887 [15592:14512:0429/153011.887:ERROR:device_event_log_impl.cc(214)] [15:30:11.887] USB: usb_device_handle_win.cc:1049 Failed to read descriptor from node connection: 시스템에 부착된 장치가 작동하지 않습니다. (0x1F)
4월 29, 2022 15:31:08.930 [15592:6996:0429/153108.929:ERROR:util.cc(126)] Can't create base directory: C:\Program Files\Google\GoogleUpdater
4월 29, 2022 16:00:14.882 [18492:18184:0429/160014.882:ERROR:device_event_log_impl.cc(214)] [16:00:14.882] USB: usb_device_handle_win.cc:1049 Failed to read descriptor from node connection: 시스템에 부착된 장치가 작동하지 않습니다. (0x1F)
4월 29, 2022 16:00:14.882 [18492:18184:0429/160014.882:ERROR:device_event_log_impl.cc(214)] [16:00:14.882] USB: usb_device_handle_win.cc:1049 Failed to read descriptor from node connection: 시스템에 부착된 장치가 작동하지 않습니다. (0x1F)
4월 29, 2022 16:00:14.883 [18492:18184:0429/160014.883:ERROR:device_event_log_impl.cc(214)] [16:00:14.884] USB: usb_device_handle_win.cc:1049 Failed to read descriptor from node connection: 시스템에 부착된 장치가 작동하지 않습니다. (0x1F)
4월 29, 2022 16:01:12.756 [18492:18568:0429/160112.756:ERROR:util.cc(126)] Can't create base directory: C:\Program Files\Google\GoogleUpdater
4월 29, 2022 16:11:39.08 [18492:18720:0429/161139.007:ERROR:database.cc(1782)] Passwords SQLite error: code 2067 errno 0: UNIQUE constraint failed: logins.origin_url, logins.username_element, logins.username_value, logins.password_element, logins.signon_realm sql: INSERT INTO logins (origin_url, action_url, username_element, username_value, password_element, password_value, submit_element, signon_realm, date_created, blacklisted_by_user, scheme, password_type, times_used, form_data, display_name, icon_url, federation_url, skip_zero_click, generation_upload_status, possible_username_pairs, id, date_last_used, moving_blocked_for, date_password_modified) VALUES (?,?,?,?,?,?,?,?,?,?,?,?,?,?,?,?,?,?,?,?,?,?,?,?)
4월 29, 2022 16:19:56.649 [5192:1240:0429/161956.648:ERROR:device_event_log_impl.cc(214)] [16:19:56.648] USB: usb_device_handle_win.cc:1049 Failed to read descriptor from node connection: 시스템에 부착된 장치가 작동하지 않습니다. (0x1F)
4월 29, 2022 16:19:56.649 [5192:1240:0429/161956.649:ERROR:device_event_log_impl.cc(214)] [16:19:56.649] USB: usb_device_handle_win.cc:1049 Failed to read descriptor from node connection: 시스템에 부착된 장치가 작동하지 않습니다. (0x1F)
4월 29, 2022 16:19:56.651 [5192:1240:0429/161956.650:ERROR:device_event_log_impl.cc(214)] [16:19:56.650] USB: usb_device_handle_win.cc:1049 Failed to read descriptor from node connection: 시스템에 부착된 장치가 작동하지 않습니다. (0x1F)
4월 29, 2022 16:20:54.660 [5192:10644:0429/162054.660:ERROR:util.cc(126)] Can't create base directory: C:\Program Files\Google\GoogleUpdater
4월 29, 2022 16:21:44.268 [5192:17656:0429/162144.267:ERROR:database.cc(1782)] Passwords SQLite error: code 2067 errno 0: UNIQUE constraint failed: logins.origin_url, logins.username_element, logins.username_value, logins.password_element, logins.signon_realm sql: INSERT INTO logins (origin_url, action_url, username_element, username_value, password_element, password_value, submit_element, signon_realm, date_created, blacklisted_by_user, scheme, password_type, times_used, form_data, display_name, icon_url, federation_url, skip_zero_click, generation_upload_status, possible_username_pairs, id, date_last_used, moving_blocked_for, date_password_modified) VALUES (?,?,?,?,?,?,?,?,?,?,?,?,?,?,?,?,?,?,?,?,?,?,?,?)
4월 29, 2022 17:51:33.951 [3840:10020:0429/175133.951:ERROR:device_event_log_impl.cc(214)] [17:51:33.951] USB: usb_device_handle_win.cc:1049 Failed to read descriptor from node connection: 시스템에 부착된 장치가 작동하지 않습니다. (0x1F)
4월 29, 2022 17:51:33.952 [3840:10020:0429/175133.951:ERROR:device_event_log_impl.cc(214)] [17:51:33.951] USB: usb_device_handle_win.cc:1049 Failed to read descriptor from node connection: 시스템에 부착된 장치가 작동하지 않습니다. (0x1F)
4월 29, 2022 17:51:33.953 [3840:10020:0429/175133.953:ERROR:device_event_log_impl.cc(214)] [17:51:33.953] USB: usb_device_handle_win.cc:1049 Failed to read descriptor from node connection: 시스템에 부착된 장치가 작동하지 않습니다. (0x1F)
4월 29, 2022 17:51:56.292 [3840:13860:0429/175156.292:ERROR:database.cc(1782)] Passwords SQLite error: code 2067 errno 0: UNIQUE constraint failed: logins.origin_url, logins.username_element, logins.username_value, logins.password_element, logins.signon_realm sql: INSERT INTO logins (origin_url, action_url, username_element, username_value, password_element, password_value, submit_element, signon_realm, date_created, blacklisted_by_user, scheme, password_type, times_used, form_data, display_name, icon_url, federation_url, skip_zero_click, generation_upload_status, possible_username_pairs, id, date_last_used, moving_blocked_for, date_password_modified) VALUES (?,?,?,?,?,?,?,?,?,?,?,?,?,?,?,?,?,?,?,?,?,?,?,?)
4월 29, 2022 17:52:31.872 [3840:5364:0429/175231.872:ERROR:util.cc(126)] Can't create base directory: C:\Program Files\Google\GoogleUpdater
4월 29, 2022 18:19:02.394 [16712:20464:0429/181902.394:ERROR:device_event_log_impl.cc(214)] [18:19:02.394] USB: usb_device_handle_win.cc:1049 Failed to read descriptor from node connection: 시스템에 부착된 장치가 작동하지 않습니다. (0x1F)
4월 29, 2022 18:19:02.396 [16712:20464:0429/181902.395:ERROR:device_event_log_impl.cc(214)] [18:19:02.395] USB: usb_device_handle_win.cc:1049 Failed to read descriptor from node connection: 시스템에 부착된 장치가 작동하지 않습니다. (0x1F)
4월 29, 2022 18:19:02.397 [16712:20464:0429/181902.397:ERROR:device_event_log_impl.cc(214)] [18:19:02.397] USB: usb_device_handle_win.cc:1049 Failed to read descriptor from node connection: 시스템에 부착된 장치가 작동하지 않습니다. (0x1F)
4월 29, 2022 18:19:11.223 [16712:13080:0429/181911.222:ERROR:database.cc(1782)] Passwords SQLite error: code 2067 errno 0: UNIQUE constraint failed: logins.origin_url, logins.username_element, logins.username_value, logins.password_element, logins.signon_realm sql: INSERT INTO logins (origin_url, action_url, username_element, username_value, password_element, password_value, submit_element, signon_realm, date_created, blacklisted_by_user, scheme, password_type, times_used, form_data, display_name, icon_url, federation_url, skip_zero_click, generation_upload_status, possible_username_pairs, id, date_last_used, moving_blocked_for, date_password_modified) VALUES (?,?,?,?,?,?,?,?,?,?,?,?,?,?,?,?,?,?,?,?,?,?,?,?)
4월 29, 2022 18:20:00.389 [16712:10944:0429/182000.388:ERROR:util.cc(126)] Can't create base directory: C:\Program Files\Google\GoogleUpdater
